http: GET en / - 17:47:27
http: GET en /css/style.css - 17:47:28
http: GET en /img/afa.jpg - 17:47:28
http: GET en /img/aniversario.jpg - 17:47:28
http: GET en /img/brownie%20frutal.jpg - 17:47:28
http: GET en /img/budinglase.jpg - 17:47:28
http: GET en /img/cerezachoco.jpg - 17:47:28
http: GET en /img/cine.jpg - 17:47:28
http: GET en /img/disco.jpg - 17:47:28
http: GET en /img/hojas.jpg - 17:47:28
http: GET en /img/primaveral.jpg - 17:47:28
http: GET en /img/olas.jpg - 17:47:28
http: GET en /img/sonic.jpg - 17:47:28
http: GET en /img/cremadurazno.jpg - 17:47:28
http: GET en /img/cremafrutilla.jpg - 17:47:29
http: GET en /img/frozen.jpg - 17:47:29
http: GET en /img/diamante.jpg - 17:47:29
http: GET en /img/pinki.jpg - 17:47:29
http: GET en /img/tortabombon.jpg - 17:47:29
http: GET en /img/logo2.jpg - 17:47:29
http: GET en /img/messi.jpg - 17:47:29
http: GET en / - 10:28:28
http: GET en /css/style.css - 10:28:38
http: GET en /img/cine.jpg - 10:28:39
http: GET en /img/disco.jpg - 10:28:39
http: GET en /img/sonic.jpg - 10:28:39
http: GET en /img/logo2.jpg - 10:28:39
http: GET en /img/afa.jpg - 10:28:39
http: GET en /img/olas.jpg - 10:28:39
http: GET en /img/budinglase.jpg - 10:28:40
http: GET en /img/cerezachoco.jpg - 10:28:40
http: GET en /img/cremafrutilla.jpg - 10:28:40
http: GET en /img/frozen.jpg - 10:28:40
http: GET en /img/hojas.jpg - 10:28:40
http: GET en /img/aniversario.jpg - 10:28:40
http: GET en /img/diamante.jpg - 10:28:40
http: GET en /img/primaveral.jpg - 10:28:40
http: GET en /img/messi.jpg - 10:28:40
http: GET en /img/cremadurazno.jpg - 10:28:40
http: GET en /img/tortabombon.jpg - 10:28:40
http: GET en /img/pinki.jpg - 10:28:42
http: GET en /img/brownie%20frutal.jpg - 10:28:45
http: GET en /login - 10:29:53
http: GET en /css/style.css - 10:29:54
http: GET en /img/logo2.jpg - 10:29:54
http: POST en /api/users/login - 10:30:18
http: GET en /api/users/profile - 10:30:18
http: GET en /css/style.css - 10:30:19
http: GET en /api/users/img/logo2.jpg - 10:30:19
http: GET en /api/users/img/logo2.jpg - 10:30:19
http: GET en /products - 10:30:23
http: GET en /css/style.css - 10:30:24
http: GET en /img/logo2.jpg - 10:30:24
http: GET en /img/afa.jpg - 10:30:24
http: GET en /img/aniversario.jpg - 10:30:24
http: GET en /img/brownie%20frutal.jpg - 10:30:24
http: POST en /api/carts/663d9f0754ee4fa2cb95fc4b/product/65dae57de96601ba8b0b0487 - 10:30:37
http: GET en /carts/663d9f0754ee4fa2cb95fc4b - 10:30:37
http: GET en /css/style.css - 10:30:37
http: GET en /carts/img/logo2.jpg - 10:30:37
http: POST en /api/carts/663d9f0754ee4fa2cb95fc4b/purchase - 10:30:48
http: GET en / - 07:46:04
http: GET en /css/style.css - 07:46:04
http: GET en /img/logo2.jpg - 07:46:04
http: GET en /img/budinglase.jpg - 07:46:04
http: GET en /img/brownie%20frutal.jpg - 07:46:04
http: GET en /img/aniversario.jpg - 07:46:04
http: GET en /img/afa.jpg - 07:46:04
http: GET en /img/cerezachoco.jpg - 07:46:04
http: GET en /img/cine.jpg - 07:46:05
http: GET en /img/disco.jpg - 07:46:05
http: GET en /img/hojas.jpg - 07:46:05
http: GET en /img/messi.jpg - 07:46:05
http: GET en /img/primaveral.jpg - 07:46:05
http: GET en /img/olas.jpg - 07:46:05
http: GET en /img/sonic.jpg - 07:46:05
http: GET en /img/cremadurazno.jpg - 07:46:05
http: GET en /img/cremafrutilla.jpg - 07:46:05
http: GET en /img/frozen.jpg - 07:46:05
http: GET en /img/diamante.jpg - 07:46:05
http: GET en /img/pinki.jpg - 07:46:05
http: GET en /img/tortabombon.jpg - 07:46:05
http: GET en /favicon.ico - 07:46:05
http: GET en / - 07:46:13
http: GET en /css/style.css - 07:46:13
http: GET en /img/logo2.jpg - 07:46:13
http: GET en /img/afa.jpg - 07:46:13
http: GET en /img/aniversario.jpg - 07:46:13
http: GET en /img/cerezachoco.jpg - 07:46:13
http: GET en /img/brownie%20frutal.jpg - 07:46:13
http: GET en /img/budinglase.jpg - 07:46:13
http: GET en /img/hojas.jpg - 07:46:13
http: GET en /img/tortabombon.jpg - 07:46:13
http: GET en /img/pinki.jpg - 07:46:13
http: GET en /img/messi.jpg - 07:46:13
http: GET en /img/cremadurazno.jpg - 07:46:13
http: GET en /img/cine.jpg - 07:46:13
http: GET en /img/disco.jpg - 07:46:13
http: GET en /img/diamante.jpg - 07:46:13
http: GET en /img/frozen.jpg - 07:46:13
http: GET en /img/sonic.jpg - 07:46:13
http: GET en /img/olas.jpg - 07:46:13
http: GET en /img/cremafrutilla.jpg - 07:46:13
http: GET en /img/primaveral.jpg - 07:46:13
http: GET en /login - 07:46:14
http: GET en /css/style.css - 07:46:14
http: GET en /img/logo2.jpg - 07:46:14
http: POST en /api/users/login - 07:46:23
http: GET en /api/users/profile - 07:46:23
http: GET en /css/style.css - 07:46:23
http: GET en /api/users/img/logo2.jpg - 07:46:23
http: GET en /products - 07:46:25
http: GET en /css/style.css - 07:46:25
http: GET en /img/logo2.jpg - 07:46:25
http: GET en /img/afa.jpg - 07:46:25
http: GET en /img/aniversario.jpg - 07:46:25
http: GET en /img/brownie%20frutal.jpg - 07:46:25
http: POST en /api/carts/663d9f0754ee4fa2cb95fc4b/product/65dae57de96601ba8b0b0487 - 07:46:27
http: GET en /carts/663d9f0754ee4fa2cb95fc4b - 07:46:28
http: GET en /css/style.css - 07:46:28
http: GET en /carts/img/logo2.jpg - 07:46:28
http: GET en /api/users/profile - 07:46:34
http: GET en /css/style.css - 07:46:34
http: GET en /api/users/img/logo2.jpg - 07:46:34
http: POST en /api/users/logout - 07:46:35
http: GET en /login - 07:46:35
http: GET en /css/style.css - 07:46:35
http: GET en /img/logo2.jpg - 07:46:35
http: POST en /api/users/login - 07:46:44
http: GET en /api/users/profile - 07:46:44
http: GET en /css/style.css - 07:46:44
http: GET en /api/users/img/logo2.jpg - 07:46:44
http: GET en /realtimeproducts - 07:46:46
http: GET en /css/style.css - 07:46:46
http: GET en /img/logo2.jpg - 07:46:46
http: GET en /js/realtime.js - 07:46:46
http: GET en /api/users/profile - 07:49:33
http: GET en /css/style.css - 07:49:33
http: GET en /api/users/img/logo2.jpg - 07:49:33
http: GET en / - 07:49:37
http: GET en /css/style.css - 07:49:38
http: GET en /img/logo2.jpg - 07:49:38
http: GET en /img/afa.jpg - 07:49:38
http: GET en /img/aniversario.jpg - 07:49:38
http: GET en /img/brownie%20frutal.jpg - 07:49:38
http: GET en /img/budinglase.jpg - 07:49:38
http: GET en /img/cerezachoco.jpg - 07:49:38
http: GET en /img/cine.jpg - 07:49:38
http: GET en /img/disco.jpg - 07:49:38
http: GET en /img/hojas.jpg - 07:49:38
http: GET en /img/messi.jpg - 07:49:38
http: GET en /img/primaveral.jpg - 07:49:38
http: GET en /img/olas.jpg - 07:49:38
http: GET en /img/sonic.jpg - 07:49:38
http: GET en /img/cremadurazno.jpg - 07:49:38
http: GET en /img/cremafrutilla.jpg - 07:49:38
http: GET en /img/frozen.jpg - 07:49:38
http: GET en /img/diamante.jpg - 07:49:38
http: GET en /img/pinki.jpg - 07:49:38
http: GET en /img/tortabombon.jpg - 07:49:38
http: GET en /api/users/profile - 07:49:43
http: GET en /css/style.css - 07:49:43
http: GET en /api/users/img/logo2.jpg - 07:49:43
http: POST en /api/users/logout - 07:49:44
http: GET en /login - 07:49:44
http: GET en /css/style.css - 07:49:44
http: GET en /img/logo2.jpg - 07:49:44
http: GET en / - 07:49:53
http: GET en /css/style.css - 07:49:53
http: GET en /img/logo2.jpg - 07:49:53
http: GET en /img/afa.jpg - 07:49:53
http: GET en /img/aniversario.jpg - 07:49:53
http: GET en /img/brownie%20frutal.jpg - 07:49:53
http: GET en /img/budinglase.jpg - 07:49:53
http: GET en /img/cerezachoco.jpg - 07:49:53
http: GET en /img/cine.jpg - 07:49:53
http: GET en /img/disco.jpg - 07:49:53
http: GET en /img/hojas.jpg - 07:49:53
http: GET en /img/messi.jpg - 07:49:53
http: GET en /img/primaveral.jpg - 07:49:53
http: GET en /img/olas.jpg - 07:49:53
http: GET en /img/sonic.jpg - 07:49:53
http: GET en /img/cremadurazno.jpg - 07:49:53
http: GET en /img/cremafrutilla.jpg - 07:49:53
http: GET en /img/frozen.jpg - 07:49:53
http: GET en /img/diamante.jpg - 07:49:53
http: GET en /img/pinki.jpg - 07:49:53
http: GET en /img/tortabombon.jpg - 07:49:53
http: GET en / - 03:57:16
http: GET en /css/style.css - 03:57:17
http: GET en /img/logo2.jpg - 03:57:17
http: GET en /img/afa.jpg - 03:57:17
http: GET en /img/aniversario.jpg - 03:57:17
http: GET en /img/brownie%20frutal.jpg - 03:57:17
http: GET en /img/budinglase.jpg - 03:57:17
http: GET en /img/cerezachoco.jpg - 03:57:17
http: GET en /img/cine.jpg - 03:57:17
http: GET en /img/disco.jpg - 03:57:17
http: GET en /img/hojas.jpg - 03:57:17
http: GET en /img/messi.jpg - 03:57:17
http: GET en /img/primaveral.jpg - 03:57:17
http: GET en /img/olas.jpg - 03:57:17
http: GET en /img/sonic.jpg - 03:57:17
http: GET en /img/cremadurazno.jpg - 03:57:17
http: GET en /img/cremafrutilla.jpg - 03:57:17
http: GET en /img/frozen.jpg - 03:57:17
http: GET en /img/diamante.jpg - 03:57:17
http: GET en /img/pinki.jpg - 03:57:17
http: GET en /img/tortabombon.jpg - 03:57:17
http: GET en /favicon.ico - 03:57:17
http: GET en /api/users/profile - 03:59:28
http: GET en /upload - 04:23:05
http: GET en / - 04:23:34
http: GET en /css/style.css - 04:23:34
http: GET en /img/logo2.jpg - 04:23:34
http: GET en /img/afa.jpg - 04:23:34
http: GET en /img/aniversario.jpg - 04:23:34
http: GET en /img/brownie%20frutal.jpg - 04:23:34
http: GET en /img/budinglase.jpg - 04:23:34
http: GET en /img/cerezachoco.jpg - 04:23:34
http: GET en /img/cine.jpg - 04:23:34
http: GET en /img/disco.jpg - 04:23:34
http: GET en /img/hojas.jpg - 04:23:34
http: GET en /img/messi.jpg - 04:23:34
http: GET en /img/primaveral.jpg - 04:23:34
http: GET en /img/olas.jpg - 04:23:34
http: GET en /img/sonic.jpg - 04:23:34
http: GET en /img/cremadurazno.jpg - 04:23:34
http: GET en /img/cremafrutilla.jpg - 04:23:34
http: GET en /img/frozen.jpg - 04:23:34
http: GET en /img/diamante.jpg - 04:23:34
http: GET en /img/pinki.jpg - 04:23:34
http: GET en /img/tortabombon.jpg - 04:23:34
http: GET en /login - 04:23:36
http: GET en /css/style.css - 04:23:36
http: GET en /img/logo2.jpg - 04:23:36
http: POST en /api/users/login - 04:23:50
http: GET en /api/users/profile - 04:23:50
http: GET en /css/style.css - 04:23:51
http: GET en /api/users/img/logo2.jpg - 04:23:51
http: POST en /api/users/logout - 04:23:58
http: GET en /login - 04:23:58
http: GET en /css/style.css - 04:23:58
http: GET en /img/logo2.jpg - 04:23:58
http: POST en /api/users/login - 04:24:10
http: GET en /api/users/profile - 04:24:10
http: GET en /css/style.css - 04:24:10
http: GET en /api/users/img/logo2.jpg - 04:24:10
http: GET en /realtimeproducts - 04:25:01
http: GET en /js/realtime.js - 04:25:01
http: GET en /css/style.css - 04:25:01
http: GET en /img/logo2.jpg - 04:25:01
http: GET en /realtimeproducts - 04:26:35
http: GET en /img/logo2.jpg - 04:26:35
http: GET en /css/style.css - 04:26:35
http: GET en /js/realtime.js - 04:26:35
http: GET en /realtimeproducts - 05:01:10
http: GET en /css/style.css - 05:01:11
http: GET en /img/logo2.jpg - 05:01:11
http: GET en /js/realtime.js - 05:01:11
http: GET en /realtimeproducts - 05:01:14
http: GET en /css/style.css - 05:01:14
http: GET en /img/logo2.jpg - 05:01:14
http: GET en /js/realtime.js - 05:01:14
